Removed Pin From Net: NetName=NetJ1_P11 Pin=J1-P11
Removed Pin From Net: NetName=NetJ1_P12 Pin=J1-P12
Removed Pin From Net: NetName=NetJ1_P13 Pin=J1-P13
Removed Pin From Net: NetName=NetJ1_P14 Pin=J1-P14
Removed Pin From Net: NetName=NetJ1_P15 Pin=J1-P15
Removed Pin From Net: NetName=NetJ1_P16 Pin=J1-P16
Removed Pin From Net: NetName=NetJ1_P18 Pin=J1-P18
Removed Pin From Net: NetName=NetJ1_P29 Pin=J1-P29
Removed Pin From Net: NetName=NetJ1_P30 Pin=J1-P30
Removed Pin From Net: NetName=NetJ1_P31 Pin=J1-P31
Removed Pin From Net: NetName=NetJ1_P45 Pin=J1-P45
Removed Member From Class: ClassName=Sheet1 Member=J?
Change Component Designator: OldDesignator=J? NewDesignator=J1
Change component parameters: Designator = "C1"; Footprint = "C-SE-27,5x31x29x15,5x4"; UniqueID = "\EDFJVMPP"
Change component parameters. Clean all parameters for all variants
Change component parameters (AddParameter): Name = "LatestRevisionDate"; Value = "17-Jul-2002"; VariantName = "[No Variations]"
Change component parameters (AddParameter): Name = "LatestRevisionNote"; Value = "Re-released for DXP Platform."; VariantName = "[No Variations]"
Change component parameters (AddParameter): Name = "PackageReference"; Value = "C0805"; VariantName = "[No Variations]"
Change component parameters (AddParameter): Name = "Publisher"; Value = "Altium Limited"; VariantName = "[No Variations]"
Change component parameters (AddParameter): Name = "Value"; Value = "0.1uF/630"; VariantName = "[No Variations]"
Change component parameters (AddParameter ignored because duplicated): Name = "VALUE"; Value = "C?"; VariantName = "[No Variations]"
Added Pin To Net: NetName=NetJ1_P11 Pin=J1-P11
Added Pin To Net: NetName=NetJ1_P12 Pin=J1-P12
Added Pin To Net: NetName=NetJ1_P13 Pin=J1-P13
Added Pin To Net: NetName=NetJ1_P14 Pin=J1-P14
Added Pin To Net: NetName=NetJ1_P15 Pin=J1-P15
Added Pin To Net: NetName=NetJ1_P16 Pin=J1-P16
Added Pin To Net: NetName=NetJ1_P18 Pin=J1-P18
Added Pin To Net: NetName=NetJ1_P29 Pin=J1-P29
Added Pin To Net: NetName=NetJ1_P30 Pin=J1-P30
Added Pin To Net: NetName=NetJ1_P31 Pin=J1-P31
Added Pin To Net: NetName=NetJ1_P45 Pin=J1-P45
